<?xml version="1.0" encoding="UTF-8" ?>
<testsuites>
<testsuite name="Frisby Test: LOGIN USER user67405" errors="0" tests="1" failures="0" time="0.317" timestamp="2015-03-15T10:21:55">
  <testcase classname="Frisby Test: LOGIN USER user67405" name="
	[ POST https://dev02.canopy.link/api/login ]" time="0.317"></testcase>
</testsuite>
</testsuites>