<?xml version="1.0" encoding="UTF-8" ?>
<testsuites>
<testsuite name="Frisby Test: users/create-login-verify-delete_spec: Create" errors="0" tests="1" failures="0" time="1.016" timestamp="2015-03-11T15:39:41">
  <testcase classname="Frisby Test: users/create-login-verify-delete_spec: Create" name="
	[ POST https://dev02.canopy.link/api/create_account ]" time="1.015"></testcase>
</testsuite>
</testsuites>