<?xml version="1.0" encoding="UTF-8" ?>
<testsuites>
<testsuite name="Frisby Test: VERIFY user: user41840" errors="0" tests="1" failures="0" time="0.729" timestamp="2015-03-15T11:15:15">
  <testcase classname="Frisby Test: VERIFY user: user41840" name="
	[ GET https://dev02.canopy.link/api/user/self ]" time="0.729"></testcase>
</testsuite>
</testsuites>