<?xml version="1.0" encoding="UTF-8" ?>
<testsuites>
<testsuite name="Frisby Test: POST user login, user get &amp;quot;me&amp;quot;, user logout" errors="0" tests="1" failures="0" time="0.29" timestamp="2015-03-11T12:31:27">
  <testcase classname="Frisby Test: POST user login, user get &amp;quot;me&amp;quot;, user logout" name="
	[ POST https://dev02.canopy.link/api/login ]" time="0.29"></testcase>
</testsuite>
</testsuites>