<?xml version="1.0" encoding="UTF-8" ?>
<testsuites>
<testsuite name="Frisby Test: users/session-login-verify_spec: Verify" errors="0" tests="1" failures="0" time="0.148" timestamp="2015-03-13T13:37:28">
  <testcase classname="Frisby Test: users/session-login-verify_spec: Verify" name="
	[ GET https://dev02.canopy.link/api/user/self ]" time="0.148"></testcase>
</testsuite>
</testsuites>