<?xml version="1.0" encoding="UTF-8" ?>
<testsuites>
<testsuite name="Frisby Test: LOGIN/VERIFY  users/session-login-verify_spec: Create" errors="0" tests="1" failures="0" time="0.327" timestamp="2015-03-13T13:37:25">
  <testcase classname="Frisby Test: LOGIN/VERIFY  users/session-login-verify_spec: Create" name="
	[ POST https://dev02.canopy.link/api/create_user ]" time="0.327"></testcase>
</testsuite>
</testsuites>