<?xml version="1.0" encoding="UTF-8" ?>
<testsuites>
<testsuite name="Frisby Test: LOGIN USER mw4f028y@mw4f028y.com" errors="0" tests="1" failures="0" time="0.387" timestamp="2015-03-15T11:35:32">
  <testcase classname="Frisby Test: LOGIN USER mw4f028y@mw4f028y.com" name="
	[ POST https://dev02.canopy.link/api/login ]" time="0.387"></testcase>
</testsuite>
</testsuites>