<?xml version="1.0" encoding="UTF-8" ?>
<testsuites>
<testsuite name="Frisby Test: users/get-current-user_spec: POST user /api/logout" errors="0" tests="1" failures="0" time="0.158" timestamp="2015-03-11T12:52:00">
  <testcase classname="Frisby Test: users/get-current-user_spec: POST user /api/logout" name="
	[ POST https://dev02.canopy.link/api/logout ]" time="0.158"></testcase>
</testsuite>
</testsuites>