<?xml version="1.0" encoding="UTF-8" ?>
<testsuites>
<testsuite name="Frisby Test: LOGIN/LOGOUT users/session-login-logout_spec: Create" errors="0" tests="1" failures="0" time="0.544" timestamp="2015-03-12T17:45:46">
  <testcase classname="Frisby Test: LOGIN/LOGOUT users/session-login-logout_spec: Create" name="
	[ POST https://dev02.canopy.link/api/create_user ]" time="0.544"></testcase>
</testsuite>
</testsuites>