<?xml version="1.0" encoding="UTF-8" ?>
<testsuites>
<testsuite name="Frisby Test: users/session-login-create-device_spec:Verify Device Created" errors="0" tests="1" failures="1" time="0.349" timestamp="2015-03-12T17:46:00">
  <testcase classname="Frisby Test: users/session-login-create-device_spec:Verify Device Created" name="
	[ GET https://dev02.canopy.link/api/device/289a501f-91bf-48fd-beef-75a3b9a8da62 ]" time="0.349"><failure type="expect" message="Error: Expected &amp;apos;null&amp;apos; to be type &amp;apos;object&amp;apos; for comparison">Error: Expected &amp;apos;null&amp;apos; to be type &amp;apos;object&amp;apos; for comparison
    at _jsonContains (/home/robert/Projects/canopy/canopy-api-unit-test-js/node_modules/frisby/lib/frisby.js:1238:11)
    at jasmine.Matchers.toContainJson (/home/robert/Projects/canopy/canopy-api-unit-test-js/node_modules/frisby/lib/frisby.js:1186:12)
    at null.&amp;lt;anonymous&amp;gt; (/home/robert/Projects/canopy/canopy-api-unit-test-js/node_modules/frisby/lib/frisby.js:717:24)
    at null.&amp;lt;anonymous&amp;gt; (/home/robert/Projects/canopy/canopy-api-unit-test-js/node_modules/frisby/lib/frisby.js:1074:43)
    at jasmine.Block.execute (/home/robert/Projects/canopy/canopy-api-unit-test-js/node_modules/jasmine-node/lib/jasmine-node/jasmine-1.3.1.js:1145:17)
    at jasmine.Queue.next_ (/home/robert/Projects/canopy/canopy-api-unit-test-js/node_modules/jasmine-node/lib/jasmine-node/jasmine-1.3.1.js:2177:31)
    at null._onTimeout (/home/robert/Projects/canopy/canopy-api-unit-test-js/node_modules/jasmine-node/lib/jasmine-node/jasmine-1.3.1.js:2167:18)
    at Timer.listOnTimeout [as ontimeout] (timers.js:112:15)</failure></testcase>
</testsuite>
</testsuites>