<?xml version="1.0" encoding="UTF-8" ?>
<testsuites>
<testsuite name="Frisby Test: users/get-current-user_spec: POST user login, user get &amp;quot;me&amp;quot;, user logout" errors="0" tests="1" failures="0" time="0.352" timestamp="2015-03-11T12:51:59">
  <testcase classname="Frisby Test: users/get-current-user_spec: POST user login, user get &amp;quot;me&amp;quot;, user logout" name="
	[ POST https://dev02.canopy.link/api/login ]" time="0.352"></testcase>
</testsuite>
</testsuites>