<?xml version="1.0" encoding="UTF-8" ?>
<testsuites>
<testsuite name="Frisby Test: DELETE user: user10709" errors="0" tests="1" failures="0" time="0.45" timestamp="2015-03-15T11:35:35">
  <testcase classname="Frisby Test: DELETE user: user10709" name="
	[ DELETE https://dev02.canopy.link/api/user/self ]" time="0.45"></testcase>
</testsuite>
</testsuites>