<?xml version="1.0" encoding="UTF-8" ?>
<testsuites>
<testsuite name="Frisby Test: LOGIN USER user63247" errors="0" tests="1" failures="0" time="0.426" timestamp="2015-03-15T11:15:14">
  <testcase classname="Frisby Test: LOGIN USER user63247" name="
	[ POST https://dev02.canopy.link/api/login ]" time="0.426"></testcase>
</testsuite>
</testsuites>