<?xml version="1.0" encoding="UTF-8" ?>
<testsuites>
<testsuite name="Frisby Test: VERIFY user: user8534" errors="0" tests="1" failures="0" time="0.156" timestamp="2015-03-15T11:35:34">
  <testcase classname="Frisby Test: VERIFY user: user8534" name="
	[ GET https://dev02.canopy.link/api/user/self ]" time="0.156"></testcase>
</testsuite>
</testsuites>