<?xml version="1.0" encoding="UTF-8" ?>
<testsuites>
<testsuite name="Frisby Test: delete-current-user_spec: Get /api/me" errors="0" tests="1" failures="0" time="1.043" timestamp="2015-03-11T12:40:48">
  <testcase classname="Frisby Test: delete-current-user_spec: Get /api/me" name="
	[ DELETE https://dev02.canopy.link/api/me ]" time="1.043"></testcase>
</testsuite>
</testsuites>