<?xml version="1.0" encoding="UTF-8" ?>
<testsuites>
<testsuite name="Frisby Test: VERIFY user: user88981" errors="0" tests="1" failures="0" time="0.159" timestamp="2015-03-15T10:36:38">
  <testcase classname="Frisby Test: VERIFY user: user88981" name="
	[ GET https://dev02.canopy.link/api/user/self ]" time="0.158"></testcase>
</testsuite>
</testsuites>