<?xml version="1.0" encoding="UTF-8" ?>
<testsuites>
<testsuite name="Frisby Test: LOGIN USER user88619" errors="0" tests="1" failures="0" time="0.825" timestamp="2015-03-15T10:04:08">
  <testcase classname="Frisby Test: LOGIN USER user88619" name="
	[ POST https://dev02.canopy.link/api/login ]" time="0.825"></testcase>
</testsuite>
</testsuites>