<?xml version="1.0" encoding="UTF-8" ?>
<testsuites>
<testsuite name="Frisby Test: users/session-login-update_spec: Verify Data Update" errors="0" tests="1" failures="0" time="0.155" timestamp="2015-03-13T13:37:31">
  <testcase classname="Frisby Test: users/session-login-update_spec: Verify Data Update" name="
	[ GET https://dev02.canopy.link/api/user/self ]" time="0.155"></testcase>
</testsuite>
</testsuites>