<?xml version="1.0" encoding="UTF-8" ?>
<testsuites>
<testsuite name="Frisby Test: DELETE user: user89710" errors="0" tests="1" failures="0" time="0.432" timestamp="2015-03-15T10:45:37">
  <testcase classname="Frisby Test: DELETE user: user89710" name="
	[ DELETE https://dev02.canopy.link/api/user/self ]" time="0.432"></testcase>
</testsuite>
</testsuites>