<?xml version="1.0" encoding="UTF-8" ?>
<testsuites>
<testsuite name="Frisby Test: VERIFY user: user25918" errors="0" tests="1" failures="0" time="0.175" timestamp="2015-03-15T10:29:35">
  <testcase classname="Frisby Test: VERIFY user: user25918" name="
	[ GET https://dev02.canopy.link/api/user/self ]" time="0.175"></testcase>
</testsuite>
</testsuites>