<?xml version="1.0" encoding="UTF-8" ?>
<testsuites>
<testsuite name="Frisby Test: REGISTERING USER user98199" errors="0" tests="1" failures="0" time="0.413" timestamp="2015-03-15T11:10:15">
  <testcase classname="Frisby Test: REGISTERING USER user98199" name="
	[ POST https://dev02.canopy.link/api/create_user ]" time="0.413"></testcase>
</testsuite>
</testsuites>