<?xml version="1.0" encoding="UTF-8" ?>
<testsuites>
<testsuite name="Frisby Test: LOGIN USER user52614" errors="0" tests="1" failures="0" time="1.174" timestamp="2015-03-15T10:17:03">
  <testcase classname="Frisby Test: LOGIN USER user52614" name="
	[ POST https://dev02.canopy.link/api/login ]" time="1.174"></testcase>
</testsuite>
</testsuites>