<?xml version="1.0" encoding="UTF-8" ?>
<testsuites>
<testsuite name="Frisby Test: DELETE user: user36885" errors="0" tests="1" failures="0" time="0.25" timestamp="2015-03-15T11:35:34">
  <testcase classname="Frisby Test: DELETE user: user36885" name="
	[ DELETE https://dev02.canopy.link/api/user/self ]" time="0.25"></testcase>
</testsuite>
</testsuites>