<?xml version="1.0" encoding="UTF-8" ?>
<testsuites>
<testsuite name="Frisby Test: users/session-login-create-device_spec: Create User-Linked Device" errors="0" tests="1" failures="0" time="2.19" timestamp="2015-03-12T15:40:41">
  <testcase classname="Frisby Test: users/session-login-create-device_spec: Create User-Linked Device" name="
	[ POST https://dev02.canopy.link/api/create_devices ]" time="2.19"></testcase>
</testsuite>
</testsuites>