<?xml version="1.0" encoding="UTF-8" ?>
<testsuites>
<testsuite name="Frisby Test: POST user login" errors="0" tests="1" failures="0" time="0.327" timestamp="2015-03-11T12:12:12">
  <testcase classname="Frisby Test: POST user login" name="
	[ POST https://dev02.canopy.link/api/login ]" time="0.327"></testcase>
</testsuite>
</testsuites>