<?xml version="1.0" encoding="UTF-8" ?>
<testsuites>
<testsuite name="Frisby Test: users/delete-current-user_spec: Get /api/me" errors="0" tests="1" failures="0" time="0.759" timestamp="2015-03-11T12:51:59">
  <testcase classname="Frisby Test: users/delete-current-user_spec: Get /api/me" name="
	[ DELETE https://dev02.canopy.link/api/me ]" time="0.759"></testcase>
</testsuite>
</testsuites>