<?xml version="1.0" encoding="UTF-8" ?>
<testsuites>
<testsuite name="Frisby Test: VERIFY user: user85397" errors="0" tests="1" failures="0" time="0.165" timestamp="2015-03-15T10:49:39">
  <testcase classname="Frisby Test: VERIFY user: user85397" name="
	[ GET https://dev02.canopy.link/api/user/self ]" time="0.165"></testcase>
</testsuite>
</testsuites>