<?xml version="1.0" encoding="UTF-8" ?>
<testsuites>
<testsuite name="Frisby Test: session-based-login-cookie-logout_spec: Session-based AUTH: POST user api/login, verify cookie provided,  and POST user api/logout" errors="0" tests="1" failures="0" time="0.375" timestamp="2015-03-11T12:40:45">
  <testcase classname="Frisby Test: session-based-login-cookie-logout_spec: Session-based AUTH: POST user api/login, verify cookie provided,  and POST user api/logout" name="
	[ POST https://dev02.canopy.link/api/login ]" time="0.374"></testcase>
</testsuite>
</testsuites>