<?xml version="1.0" encoding="UTF-8" ?>
<testsuites>
<testsuite name="Frisby Test: REGISTERING USER user64044" errors="0" tests="1" failures="0" time="0.421" timestamp="2015-03-15T10:23:33">
  <testcase classname="Frisby Test: REGISTERING USER user64044" name="
	[ POST https://dev02.canopy.link/api/create_user ]" time="0.42"></testcase>
</testsuite>
</testsuites>