<?xml version="1.0" encoding="UTF-8" ?>
<testsuites>
<testsuite name="Frisby Test: users/session-login-verify_spec: Delete" errors="0" tests="1" failures="0" time="0.234" timestamp="2015-03-13T13:37:33">
  <testcase classname="Frisby Test: users/session-login-verify_spec: Delete" name="
	[ DELETE https://dev02.canopy.link/api/user/self ]" time="0.234"></testcase>
</testsuite>
</testsuites>