<?xml version="1.0" encoding="UTF-8" ?>
<testsuites>
<testsuite name="Frisby Test: delete-current-user_spec: Session-based AUTH: DELETE current user, " errors="0" tests="1" failures="0" time="0.311" timestamp="2015-03-11T12:40:47">
  <testcase classname="Frisby Test: delete-current-user_spec: Session-based AUTH: DELETE current user, " name="
	[ POST https://dev02.canopy.link/api/login ]" time="0.311"></testcase>
</testsuite>
</testsuites>