<?xml version="1.0" encoding="UTF-8" ?>
<testsuites>
<testsuite name="Frisby Test: users/session-login-verify_spec: Verify" errors="0" tests="1" failures="1" time="0.154" timestamp="2015-03-11T16:36:36">
  <testcase classname="Frisby Test: users/session-login-verify_spec: Verify" name="
	[ GET https://dev02.canopy.link/api/user/self ]" time="0.154"><failure type="expect" message="Error: Expected undefined &amp;apos;undefined&amp;apos; to match boolean &amp;apos;false&amp;apos; on key &amp;apos;activated&amp;apos;">Error: Expected undefined &amp;apos;undefined&amp;apos; to match boolean &amp;apos;false&amp;apos; on key &amp;apos;activated&amp;apos;
    at _jsonContains (/home/robert/Projects/canopy/canopy-api-unit-test-js/node_modules/frisby/lib/frisby.js:1271:17)
    at jasmine.Matchers.toContainJson (/home/robert/Projects/canopy/canopy-api-unit-test-js/node_modules/frisby/lib/frisby.js:1186:12)
    at null.&amp;lt;anonymous&amp;gt; (/home/robert/Projects/canopy/canopy-api-unit-test-js/node_modules/frisby/lib/frisby.js:717:24)
    at null.&amp;lt;anonymous&amp;gt; (/home/robert/Projects/canopy/canopy-api-unit-test-js/node_modules/frisby/lib/frisby.js:1074:43)
    at jasmine.Block.execute (/home/robert/Projects/canopy/canopy-api-unit-test-js/node_modules/jasmine-node/lib/jasmine-node/jasmine-1.3.1.js:1145:17)
    at jasmine.Queue.next_ (/home/robert/Projects/canopy/canopy-api-unit-test-js/node_modules/jasmine-node/lib/jasmine-node/jasmine-1.3.1.js:2177:31)
    at onComplete (/home/robert/Projects/canopy/canopy-api-unit-test-js/node_modules/jasmine-node/lib/jasmine-node/jasmine-1.3.1.js:2173:18)
    at jasmine.WaitsForBlock.execute (/home/robert/Projects/canopy/canopy-api-unit-test-js/node_modules/jasmine-node/lib/jasmine-node/jasmine-1.3.1.js:2659:5)
    at null._onTimeout (/home/robert/Projects/canopy/canopy-api-unit-test-js/node_modules/jasmine-node/lib/jasmine-node/jasmine-1.3.1.js:2673:12)
    at Timer.listOnTimeout [as ontimeout] (timers.js:112:15)</failure></testcase>
</testsuite>
</testsuites>