<?xml version="1.0" encoding="UTF-8" ?>
<testsuites>
<testsuite name="Frisby Test: users/session-login-logout_spec: Verify" errors="0" tests="1" failures="0" time="0.172" timestamp="2015-03-11T17:23:07">
  <testcase classname="Frisby Test: users/session-login-logout_spec: Verify" name="
	[ GET https://dev02.canopy.link/api/user/self ]" time="0.172"></testcase>
</testsuite>
</testsuites>