<?xml version="1.0" encoding="UTF-8" ?>
<testsuites>
<testsuite name="Frisby Test: CREATE USER-LINKED DEVICE users/session-login-create-device_spec:Create" errors="0" tests="1" failures="0" time="0.58" timestamp="2015-03-12T15:40:19">
  <testcase classname="Frisby Test: CREATE USER-LINKED DEVICE users/session-login-create-device_spec:Create" name="
	[ POST https://dev02.canopy.link/api/create_user ]" time="0.58"></testcase>
</testsuite>
</testsuites>