<?xml version="1.0" encoding="UTF-8" ?>
<testsuites>
<testsuite name="Frisby Test: users/create-user-account_spec: POST account create with existing un/email" errors="0" tests="1" failures="1" time="1.563" timestamp="2015-03-11T12:51:57">
  <testcase classname="Frisby Test: users/create-user-account_spec: POST account create with existing un/email" name="
	[ POST https://dev02.canopy.link/api/create_account ]" time="1.563"><failure type="expect" message="Expected 200 to equal 400.">Error: Expected 200 to equal 400.
    at new jasmine.ExpectationResult (/home/robert/Projects/canopy/canopy-api-unit-test-js/node_modules/jasmine-node/lib/jasmine-node/jasmine-1.3.1.js:114:32)
    at null.toEqual (/home/robert/Projects/canopy/canopy-api-unit-test-js/node_modules/jasmine-node/lib/jasmine-node/jasmine-1.3.1.js:1316:29)
    at null.&amp;lt;anonymous&amp;gt; (/home/robert/Projects/canopy/canopy-api-unit-test-js/node_modules/frisby/lib/frisby.js:493:42)
    at null.&amp;lt;anonymous&amp;gt; (/home/robert/Projects/canopy/canopy-api-unit-test-js/node_modules/frisby/lib/frisby.js:1074:43)
    at jasmine.Block.execute (/home/robert/Projects/canopy/canopy-api-unit-test-js/node_modules/jasmine-node/lib/jasmine-node/jasmine-1.3.1.js:1145:17)
    at jasmine.Queue.next_ (/home/robert/Projects/canopy/canopy-api-unit-test-js/node_modules/jasmine-node/lib/jasmine-node/jasmine-1.3.1.js:2177:31)
    at null._onTimeout (/home/robert/Projects/canopy/canopy-api-unit-test-js/node_modules/jasmine-node/lib/jasmine-node/jasmine-1.3.1.js:2167:18)
    at Timer.listOnTimeout [as ontimeout] (timers.js:112:15)</failure></testcase>
</testsuite>
</testsuites>