<?xml version="1.0" encoding="UTF-8" ?>
<testsuites>
<testsuite name="Frisby Test: REGISTERING USER user40243" errors="0" tests="1" failures="0" time="0.338" timestamp="2015-03-15T10:29:33">
  <testcase classname="Frisby Test: REGISTERING USER user40243" name="
	[ POST https://dev02.canopy.link/api/create_user ]" time="0.338"></testcase>
</testsuite>
</testsuites>