<?xml version="1.0" encoding="UTF-8" ?>
<testsuites>
<testsuite name="Frisby Test: LOGIN USER user74170" errors="0" tests="1" failures="0" time="0.305" timestamp="2015-03-15T10:49:38">
  <testcase classname="Frisby Test: LOGIN USER user74170" name="
	[ POST https://dev02.canopy.link/api/login ]" time="0.305"></testcase>
</testsuite>
</testsuites>