<?xml version="1.0" encoding="UTF-8" ?>
<testsuites>
<testsuite name="Frisby Test: LOGIN USER user43353" errors="0" tests="1" failures="0" time="0.359" timestamp="2015-03-15T10:36:38">
  <testcase classname="Frisby Test: LOGIN USER user43353" name="
	[ POST https://dev02.canopy.link/api/login ]" time="0.359"></testcase>
</testsuite>
</testsuites>