<?xml version="1.0" encoding="UTF-8" ?>
<testsuites>
<testsuite name="Frisby Test: users/delete-current-user_spec: Session-based AUTH: DELETE current user, " errors="0" tests="1" failures="0" time="0.321" timestamp="2015-03-11T12:51:58">
  <testcase classname="Frisby Test: users/delete-current-user_spec: Session-based AUTH: DELETE current user, " name="
	[ POST https://dev02.canopy.link/api/login ]" time="0.321"></testcase>
</testsuite>
</testsuites>