<?xml version="1.0" encoding="UTF-8" ?>
<testsuites>
<testsuite name="Frisby Test: LOGOUT user: user94769" errors="0" tests="1" failures="0" time="0.255" timestamp="2015-03-15T11:35:34">
  <testcase classname="Frisby Test: LOGOUT user: user94769" name="
	[ POST https://dev02.canopy.link/api/logout ]" time="0.255"></testcase>
</testsuite>
</testsuites>