<?xml version="1.0" encoding="UTF-8" ?>
<testsuites>
<testsuite name="Frisby Test: users/session-login-create-device_spec:Verify" errors="0" tests="1" failures="0" time="1.924" timestamp="2015-03-12T15:40:31">
  <testcase classname="Frisby Test: users/session-login-create-device_spec:Verify" name="
	[ GET https://dev02.canopy.link/api/user/self ]" time="1.924"></testcase>
</testsuite>
</testsuites>