<?xml version="1.0" encoding="UTF-8" ?>
<testsuites>
<testsuite name="Frisby Test: VERIFY user: user84052" errors="0" tests="1" failures="0" time="0.178" timestamp="2015-03-15T10:45:36">
  <testcase classname="Frisby Test: VERIFY user: user84052" name="
	[ GET https://dev02.canopy.link/api/user/self ]" time="0.178"></testcase>
</testsuite>
</testsuites>