<?xml version="1.0" encoding="UTF-8" ?>
<testsuites>
<testsuite name="Frisby Test: LOGIN USER user54664" errors="0" tests="1" failures="1" time="0.308" timestamp="2015-03-15T11:35:02">
  <testcase classname="Frisby Test: LOGIN USER user54664" name="
	[ POST https://dev02.canopy.link/api/login ]" time="0.308"><failure type="expect" message="ReferenceError: cookie is not defined">ReferenceError: cookie is not defined
    at that.createDevices (/home/robert/Projects/canopy/canopy-api-unit-test-js/spec/api/testUser.js:147:34)
    at that.createDevices (/home/robert/Projects/canopy/canopy-api-unit-test-js/spec/api/users/create-device_spec.js:19:19)
    at Frisby.&amp;lt;anonymous&amp;gt; (/home/robert/Projects/canopy/canopy-api-unit-test-js/spec/api/testUser.js:62:21)
    at Frisby.&amp;lt;anonymous&amp;gt; (/home/robert/Projects/canopy/canopy-api-unit-test-js/node_modules/frisby/lib/frisby.js:938:8)
    at null.&amp;lt;anonymous&amp;gt; (/home/robert/Projects/canopy/canopy-api-unit-test-js/node_modules/frisby/lib/frisby.js:1110:18)
    at jasmine.Block.execute (/home/robert/Projects/canopy/canopy-api-unit-test-js/node_modules/jasmine-node/lib/jasmine-node/jasmine-1.3.1.js:1145:17)
    at jasmine.Queue.next_ (/home/robert/Projects/canopy/canopy-api-unit-test-js/node_modules/jasmine-node/lib/jasmine-node/jasmine-1.3.1.js:2177:31)
    at null._onTimeout (/home/robert/Projects/canopy/canopy-api-unit-test-js/node_modules/jasmine-node/lib/jasmine-node/jasmine-1.3.1.js:2167:18)
    at Timer.listOnTimeout [as ontimeout] (timers.js:112:15)</failure></testcase>
</testsuite>
</testsuites>