<?xml version="1.0" encoding="UTF-8" ?>
<testsuites>
<testsuite name="Frisby Test: Session-based AUTH: POST user api/login, verify cookie provided,  and POST user api/logout" errors="0" tests="1" failures="0" time="0.329" timestamp="2015-03-11T12:33:18">
  <testcase classname="Frisby Test: Session-based AUTH: POST user api/login, verify cookie provided,  and POST user api/logout" name="
	[ POST https://dev02.canopy.link/api/login ]" time="0.329"></testcase>
</testsuite>
</testsuites>