<?xml version="1.0" encoding="UTF-8" ?>
<testsuites>
<testsuite name="Frisby Test: REGISTERING USER user36885" errors="0" tests="1" failures="0" time="0.942" timestamp="2015-03-15T11:35:31">
  <testcase classname="Frisby Test: REGISTERING USER user36885" name="
	[ POST https://dev02.canopy.link/api/create_user ]" time="0.941"></testcase>
</testsuite>
</testsuites>