<?xml version="1.0" encoding="UTF-8" ?>
<testsuites>
<testsuite name="Frisby Test: users/users/session-login-verify_spec: Verify" errors="0" tests="1" failures="0" time="0.159" timestamp="2015-03-11T16:06:09">
  <testcase classname="Frisby Test: users/users/session-login-verify_spec: Verify" name="
	[ GET https://dev02.canopy.link/api/me ]" time="0.159"></testcase>
</testsuite>
</testsuites>