<?xml version="1.0" encoding="UTF-8" ?>
<testsuites>
<testsuite name="Frisby Test: LOGIN USER user23623" errors="0" tests="1" failures="0" time="0.291" timestamp="2015-03-15T09:58:29">
  <testcase classname="Frisby Test: LOGIN USER user23623" name="
	[ POST https://dev02.canopy.link/api/login ]" time="0.291"></testcase>
</testsuite>
</testsuites>