<?xml version="1.0" encoding="UTF-8" ?>
<testsuites>
<testsuite name="Frisby Test: users/session-login-create-device_spec:Verify" errors="0" tests="1" failures="0" time="0.337" timestamp="2015-03-12T17:37:03">
  <testcase classname="Frisby Test: users/session-login-create-device_spec:Verify" name="
	[ GET https://dev02.canopy.link/api/user/self ]" time="0.337"></testcase>
</testsuite>
</testsuites>