<?xml version="1.0" encoding="UTF-8" ?>
<testsuites>
<testsuite name="Frisby Test: users/session-login-create-device_spec:Delete" errors="0" tests="1" failures="0" time="0.446" timestamp="2015-03-13T12:10:58">
  <testcase classname="Frisby Test: users/session-login-create-device_spec:Delete" name="
	[ DELETE https://dev02.canopy.link/api/user/self ]" time="0.446"></testcase>
</testsuite>
</testsuites>