<?xml version="1.0" encoding="UTF-8" ?>
<testsuites>
<testsuite name="Frisby Test: users/session-login-verify_spec: Create" errors="0" tests="1" failures="0" time="0.555" timestamp="2015-03-11T17:23:06">
  <testcase classname="Frisby Test: users/session-login-verify_spec: Create" name="
	[ POST https://dev02.canopy.link/api/create_account ]" time="0.554"></testcase>
</testsuite>
</testsuites>