<?xml version="1.0" encoding="UTF-8" ?>
<testsuites>
<testsuite name="Frisby Test: users/session-login-create-device_spec:Login" errors="0" tests="1" failures="0" time="0.564" timestamp="2015-03-12T17:36:59">
  <testcase classname="Frisby Test: users/session-login-create-device_spec:Login" name="
	[ POST https://dev02.canopy.link/api/login ]" time="0.564"></testcase>
</testsuite>
</testsuites>