<?xml version="1.0" encoding="UTF-8" ?>
<testsuites>
<testsuite name="Frisby Test: REGISTERING USER user94769" errors="0" tests="1" failures="0" time="0.303" timestamp="2015-03-15T11:35:32">
  <testcase classname="Frisby Test: REGISTERING USER user94769" name="
	[ POST https://dev02.canopy.link/api/create_user ]" time="0.303"></testcase>
</testsuite>
</testsuites>