<?xml version="1.0" encoding="UTF-8" ?>
<testsuites>
<testsuite name="Frisby Test: REGISTERING USER user7853" errors="0" tests="1" failures="0" time="2.336" timestamp="2015-03-15T10:18:56">
  <testcase classname="Frisby Test: REGISTERING USER user7853" name="
	[ POST https://dev02.canopy.link/api/create_user ]" time="2.336"></testcase>
</testsuite>
</testsuites>