<?xml version="1.0" encoding="UTF-8" ?>
<testsuites>
<testsuite name="Frisby Test: REGISTERING USER user88109" errors="0" tests="1" failures="0" time="0.36" timestamp="2015-03-15T10:02:21">
  <testcase classname="Frisby Test: REGISTERING USER user88109" name="
	[ POST https://dev02.canopy.link/api/create_user ]" time="0.36"></testcase>
</testsuite>
</testsuites>