<?xml version="1.0" encoding="UTF-8" ?>
<testsuites>
<testsuite name="Frisby Test: LOGIN USER user96194" errors="0" tests="1" failures="0" time="0.315" timestamp="2015-03-15T10:31:04">
  <testcase classname="Frisby Test: LOGIN USER user96194" name="
	[ POST https://dev02.canopy.link/api/login ]" time="0.315"></testcase>
</testsuite>
</testsuites>