<?xml version="1.0" encoding="UTF-8" ?>
<testsuites>
<testsuite name="Frisby Test: LOGIN USER user98688" errors="0" tests="1" failures="0" time="0.406" timestamp="2015-03-15T09:58:02">
  <testcase classname="Frisby Test: LOGIN USER user98688" name="
	[ POST https://dev02.canopy.link/api/login ]" time="0.406"></testcase>
</testsuite>
</testsuites>