<?xml version="1.0" encoding="UTF-8" ?>
<testsuites>
<testsuite name="Frisby Test: VERIFY user: user53216" errors="0" tests="1" failures="0" time="0.158" timestamp="2015-03-15T11:22:19">
  <testcase classname="Frisby Test: VERIFY user: user53216" name="
	[ GET https://dev02.canopy.link/api/user/self ]" time="0.158"></testcase>
</testsuite>
</testsuites>