<?xml version="1.0" encoding="UTF-8" ?>
<testsuites>
<testsuite name="Frisby Test: DELETE user: user71413" errors="0" tests="1" failures="0" time="0.238" timestamp="2015-03-15T10:49:55">
  <testcase classname="Frisby Test: DELETE user: user71413" name="
	[ DELETE https://dev02.canopy.link/api/user/self ]" time="0.237"></testcase>
</testsuite>
</testsuites>